# JRE version: OpenJDK Runtime Environment Temurin-17.0.5+8 (17.0.5+8) (build 17.0.5+8)
# Java VM: OpenJDK 64-Bit Server VM Temurin-17.0.5+8 (17.0.5+8, mixed mode, emulated-client, tiered, compressed oops, compressed class ptrs, g1 gc, windows-amd64)
GC Precious Log:
 CPUs: 8 total, 8 available
 Memory: 8078M
 Large Page Support: Disabled
 NUMA Support: Disabled
 Compressed Oops: Enabled (32-bit)
 Heap Region Size: 1M
 Heap Min Capacity: 8M
 Heap Initial Capacity: 128M
 Heap Max Capacity: 2020M
 Pre-touch: Disabled
 Parallel Workers: 8
 Concurrent Workers: 2
 Concurrent Refinement Workers: 8
 Periodic GC: Disabled
Heap:
 garbage-first heap   total 131072K, used 27994K [0x0000000081c00000, 0x0000000100000000)
  region size 1024K, 3 young (3072K), 3 survivors (3072K)
 Metaspace       used 66631K, committed 67136K, reserved 1114112K
  class space    used 9287K, committed 9536K, reserved 1048576K
GC Heap History (20 events):
Event: 3.849 GC heap after
{Heap after GC invocations=9 (full 0):
 garbage-first heap   total 77824K, used 14859K [0x0000000081c00000, 0x0000000100000000)
  region size 1024K, 3 young (3072K), 3 survivors (3072K)
 Metaspace       used 32386K, committed 32704K, reserved 1081344K
  class space    used 4058K, committed 4224K, reserved 1048576K
}
Event: 4.187 GC heap before
{Heap before GC invocations=9 (full 0):
 garbage-first heap   total 77824K, used 34315K [0x0000000081c00000, 0x0000000100000000)
  region size 1024K, 23 young (23552K), 3 survivors (3072K)
 Metaspace       used 35751K, committed 36160K, reserved 1081344K
  class space    used 4580K, committed 4800K, reserved 1048576K
}
Event: 4.196 GC heap after
{Heap after GC invocations=10 (full 0):
 garbage-first heap   total 77824K, used 16526K [0x0000000081c00000, 0x0000000100000000)
  region size 1024K, 4 young (4096K), 4 survivors (4096K)
 Metaspace       used 35751K, committed 36160K, reserved 1081344K
  class space    used 4580K, committed 4800K, reserved 1048576K
}
Event: 5.202 GC heap before
{Heap before GC invocations=11 (full 0):
 garbage-first heap   total 58368K, used 49152K [0x0000000081c00000, 0x0000000100000000)
  region size 1024K, 37 young (37888K), 4 survivors (4096K)
 Metaspace       used 41541K, committed 42048K, reserved 1089536K
  class space    used 5398K, committed 5632K, reserved 1048576K
}
Event: 5.221 GC heap after
{Heap after GC invocations=12 (full 0):
 garbage-first heap   total 58368K, used 19553K [0x0000000081c00000, 0x0000000100000000)
  region size 1024K, 6 young (6144K), 6 survivors (6144K)
 Metaspace       used 41541K, committed 42048K, reserved 1089536K
  class space    used 5398K, committed 5632K, reserved 1048576K
}
Event: 5.958 GC heap before
{Heap before GC invocations=12 (full 0):
 garbage-first heap   total 58368K, used 42081K [0x0000000081c00000, 0x0000000100000000)
  region size 1024K, 29 young (29696K), 6 survivors (6144K)
 Metaspace       used 47780K, committed 48256K, reserved 1097728K
  class space    used 6279K, committed 6464K, reserved 1048576K
}
Event: 5.967 GC heap after
{Heap after GC invocations=13 (full 0):
 garbage-first heap   total 58368K, used 21736K [0x0000000081c00000, 0x0000000100000000)
  region size 1024K, 3 young (3072K), 3 survivors (3072K)
 Metaspace       used 47780K, committed 48256K, reserved 1097728K
  class space    used 6279K, committed 6464K, reserved 1048576K
}
Event: 6.270 GC heap before
{Heap before GC invocations=13 (full 0):
 garbage-first heap   total 58368K, used 44264K [0x0000000081c00000, 0x0000000100000000)
  region size 1024K, 25 young (25600K), 3 survivors (3072K)
 Metaspace       used 53674K, committed 54144K, reserved 1097728K
  class space    used 7143K, committed 7360K, reserved 1048576K
}
Event: 6.276 GC heap after
{Heap after GC invocations=14 (full 0):
 garbage-first heap   total 58368K, used 22865K [0x0000000081c00000, 0x0000000100000000)
  region size 1024K, 4 young (4096K), 4 survivors (4096K)
 Metaspace       used 53674K, committed 54144K, reserved 1097728K
  class space    used 7143K, committed 7360K, reserved 1048576K
}
Event: 6.631 GC heap before
{Heap before GC invocations=14 (full 0):
 garbage-first heap   total 58368K, used 43345K [0x0000000081c00000, 0x0000000100000000)
  region size 1024K, 25 young (25600K), 4 survivors (4096K)
 Metaspace       used 58641K, committed 59200K, reserved 1105920K
  class space    used 7930K, committed 8192K, reserved 1048576K
}
Event: 6.638 GC heap after
{Heap after GC invocations=15 (full 0):
 garbage-first heap   total 70656K, used 23851K [0x0000000081c00000, 0x0000000100000000)
  region size 1024K, 3 young (3072K), 3 survivors (3072K)
 Metaspace       used 58641K, committed 59200K, reserved 1105920K
  class space    used 7930K, committed 8192K, reserved 1048576K
}
Event: 6.730 GC heap before
{Heap before GC invocations=15 (full 0):
 garbage-first heap   total 70656K, used 28971K [0x0000000081c00000, 0x0000000100000000)
  region size 1024K, 9 young (9216K), 3 survivors (3072K)
 Metaspace       used 60024K, committed 60480K, reserved 1105920K
  class space    used 8224K, committed 8448K, reserved 1048576K
}
Event: 6.737 GC heap after
{Heap after GC invocations=16 (full 0):
 garbage-first heap   total 70656K, used 24216K [0x0000000081c00000, 0x0000000100000000)
  region size 1024K, 3 young (3072K), 3 survivors (3072K)
 Metaspace       used 60024K, committed 60480K, reserved 1105920K
  class space    used 8224K, committed 8448K, reserved 1048576K
}
Event: 6.967 GC heap before
{Heap before GC invocations=17 (full 0):
 garbage-first heap   total 70656K, used 55960K [0x0000000081c00000, 0x0000000100000000)
  region size 1024K, 34 young (34816K), 3 survivors (3072K)
 Metaspace       used 61460K, committed 61952K, reserved 1105920K
  class space    used 8584K, committed 8832K, reserved 1048576K
}
Event: 6.973 GC heap after
{Heap after GC invocations=18 (full 0):
 garbage-first heap   total 70656K, used 25414K [0x0000000081c00000, 0x0000000100000000)
  region size 1024K, 3 young (3072K), 3 survivors (3072K)
 Metaspace       used 61460K, committed 61952K, reserved 1105920K
  class space    used 8584K, committed 8832K, reserved 1048576K
}
Event: 6.976 GC heap before
{Heap before GC invocations=18 (full 0):
 garbage-first heap   total 70656K, used 26438K [0x0000000081c00000, 0x0000000100000000)
  region size 1024K, 4 young (4096K), 3 survivors (3072K)
 Metaspace       used 61460K, committed 61952K, reserved 1105920K
  class space    used 8584K, committed 8832K, reserved 1048576K
}
Event: 6.982 GC heap after
{Heap after GC invocations=19 (full 0):
 garbage-first heap   total 70656K, used 25638K [0x0000000081c00000, 0x0000000100000000)
  region size 1024K, 1 young (1024K), 1 survivors (1024K)
 Metaspace       used 61460K, committed 61952K, reserved 1105920K
  class space    used 8584K, committed 8832K, reserved 1048576K
}
Event: 7.401 GC heap before
{Heap before GC invocations=19 (full 0):
 garbage-first heap   total 70656K, used 56358K [0x0000000081c00000, 0x0000000100000000)
  region size 1024K, 31 young (31744K), 1 survivors (1024K)
 Metaspace       used 65313K, committed 65792K, reserved 1105920K
  class space    used 9104K, committed 9344K, reserved 1048576K
}
Event: 7.413 GC heap after
{Heap after GC invocations=20 (full 0):
 garbage-first heap   total 70656K, used 26767K [0x0000000081c00000, 0x0000000100000000)
  region size 1024K, 2 young (2048K), 2 survivors (2048K)
 Metaspace       used 65313K, committed 65792K, reserved 1105920K
  class space    used 9104K, committed 9344K, reserved 1048576K
}
Event: 7.979 GC heap before
{Heap before GC invocations=20 (full 0):
 garbage-first heap   total 70656K, used 56463K [0x0000000081c00000, 0x0000000100000000)
  region size 1024K, 31 young (31744K), 2 survivors (2048K)
 Metaspace       used 66631K, committed 67136K, reserved 1114112K
  class space    used 9287K, committed 9536K, reserved 1048576K
}

